<?xml version="1.0" encoding="UTF-8"?>
<!-- Generated by org.testng.reporters.JUnitReportReporter -->
<testsuite hostname="DESKTOP-TTSDGRR" failures="0" tests="1" name="com.qalegendbilling.testscript.LoginTest" time="22.264" errors="0" timestamp="2023-05-01T12:01:02 IST" skipped="0">
  <testcase classname="com.qalegendbilling.testscript.LoginTest" name="TC_014_verifyUserLoginWithNewUser" time="22.264"/>
  <system-out/>
</testsuite> <!-- com.qalegendbilling.testscript.LoginTest -->
