<?xml version="1.0" encoding="UTF-8"?>
<!-- Generated by org.testng.reporters.JUnitReportReporter -->
<testsuite hostname="DESKTOP-TTSDGRR" failures="0" tests="1" name="com.qalegendbilling.testscript.HomeTest" time="22.279" errors="0" timestamp="2023-04-26T17:17:18 IST" skipped="0">
  <testcase classname="com.qalegendbilling.testscript.HomeTest" name="TC_006_verifyHomePageTitle" time="22.279"/>
  <system-out/>
</testsuite> <!-- com.qalegendbilling.testscript.HomeTest -->
