<?xml version="1.0" encoding="UTF-8"?>
<!-- Generated by org.testng.reporters.JUnitReportReporter -->
<testsuite hostname="DESKTOP-TTSDGRR" failures="0" tests="1" name="com.qalegendbilling.testscript.RolesTest" time="27.467" errors="0" timestamp="2023-05-08T11:35:11 IST" skipped="0">
  <testcase classname="com.qalegendbilling.testscript.RolesTest" name="TC_023_verifyUserCanAddRoles" time="27.467"/>
  <system-out/>
</testsuite> <!-- com.qalegendbilling.testscript.RolesTest -->
