<?xml version="1.0" encoding="UTF-8"?>
<!-- Generated by org.testng.reporters.JUnitReportReporter -->
<testsuite hostname="DESKTOP-TTSDGRR" failures="0" tests="1" name="com.qalegendbilling.testscript.EditUserTest" time="23.693" errors="0" timestamp="2023-04-28T14:57:31 IST" skipped="0">
  <testcase classname="com.qalegendbilling.testscript.EditUserTest" name="TC_018_verifyUserCanEdit" time="23.693"/>
  <system-out/>
</testsuite> <!-- com.qalegendbilling.testscript.EditUserTest -->
