<?xml version="1.0" encoding="UTF-8"?>
<!-- Generated by org.testng.reporters.JUnitReportReporter -->
<testsuite hostname="DESKTOP-TTSDGRR" failures="0" tests="3" name="com.qalegendbilling.testscript.LoginTest" time="55.050" errors="0" timestamp="2023-04-26T17:17:18 IST" skipped="0">
  <testcase classname="com.qalegendbilling.testscript.LoginTest" name="TC_003_verifyInvalidUserCredentials" time="25.922"/>
  <system-out/>
  <testcase classname="com.qalegendbilling.testscript.LoginTest" name="TC_003_verifyInvalidUserCredentials" time="14.355"/>
  <system-out/>
  <testcase classname="com.qalegendbilling.testscript.LoginTest" name="TC_003_verifyInvalidUserCredentials" time="14.773"/>
  <system-out/>
</testsuite> <!-- com.qalegendbilling.testscript.LoginTest -->
