<?xml version="1.0" encoding="UTF-8"?>
<!-- Generated by org.testng.reporters.JUnitReportReporter -->
<testsuite hostname="DESKTOP-TTSDGRR" failures="0" tests="1" name="com.qalegendbilling.testscript.AddUserTest" time="26.759" errors="0" timestamp="2023-04-28T18:20:26 IST" skipped="0">
  <testcase classname="com.qalegendbilling.testscript.AddUserTest" name="TC_016_verifyUserCanAddUserDetails" time="26.759"/>
  <system-out/>
</testsuite> <!-- com.qalegendbilling.testscript.AddUserTest -->
