<?xml version="1.0" encoding="UTF-8"?>
<!-- Generated by org.testng.reporters.JUnitReportReporter -->
<testsuite hostname="DESKTOP-TTSDGRR" failures="0" tests="3" name="com.qalegendbilling.testscript.LoginTest" time="53.488" errors="0" timestamp="2023-05-05T18:32:42 IST" skipped="0">
  <testcase classname="com.qalegendbilling.testscript.LoginTest" name="TC_003_verifyInvalidUserCredentials" time="22.522"/>
  <system-out/>
  <testcase classname="com.qalegendbilling.testscript.LoginTest" name="TC_003_verifyInvalidUserCredentials" time="16.846"/>
  <system-out/>
  <testcase classname="com.qalegendbilling.testscript.LoginTest" name="TC_003_verifyInvalidUserCredentials" time="14.120"/>
  <system-out/>
</testsuite> <!-- com.qalegendbilling.testscript.LoginTest -->
