<?xml version="1.0" encoding="UTF-8"?>
<!-- Generated by org.testng.reporters.JUnitReportReporter -->
<testsuite hostname="DESKTOP-TTSDGRR" failures="0" tests="1" name="com.qalegendbilling.testscript.UsersTest" time="22.340" errors="0" timestamp="2023-05-03T15:28:24 IST" skipped="0">
  <testcase classname="com.qalegendbilling.testscript.UsersTest" name="TC_012_verifyMessageDisplayedByUserSearchWithInvalidData" time="22.340"/>
  <system-out/>
</testsuite> <!-- com.qalegendbilling.testscript.UsersTest -->
