<?xml version="1.0" encoding="UTF-8"?>
<!-- Generated by org.testng.reporters.JUnitReportReporter -->
<testsuite hostname="DESKTOP-TTSDGRR" failures="0" tests="1" name="com.qalegendbilling.testscript.SalesCommissionTest" time="62.630" errors="0" timestamp="2023-05-08T11:26:28 IST" skipped="0">
  <testcase classname="com.qalegendbilling.testscript.SalesCommissionTest" name="TC_031_verifyUserCanDeleteSales" time="62.630"/>
  <system-out/>
</testsuite> <!-- com.qalegendbilling.testscript.SalesCommissionTest -->
