<?xml version="1.0" encoding="UTF-8"?>
<!-- Generated by org.testng.reporters.JUnitReportReporter -->
<testsuite hostname="DESKTOP-TTSDGRR" failures="0" tests="1" name="com.qalegendbilling.testscript.UserAccountTest" time="20.695" errors="0" timestamp="2023-04-24T12:23:29 IST" skipped="0">
  <testcase classname="com.qalegendbilling.testscript.UserAccountTest" name="TC_010_verifyUsersPageTitle" time="20.695"/>
  <system-out/>
</testsuite> <!-- com.qalegendbilling.testscript.UserAccountTest -->
