<?xml version="1.0" encoding="UTF-8"?>
<!-- Generated by org.testng.reporters.JUnitReportReporter -->
<testsuite hostname="DESKTOP-TTSDGRR" failures="0" tests="1" name="com.qalegendbilling.testscript.HomeTest" time="19.033" errors="0" timestamp="2023-05-05T18:32:42 IST" skipped="0">
  <testcase classname="com.qalegendbilling.testscript.HomeTest" name="TC_006_verifyHomePageTitle" time="19.033"/>
  <system-out/>
</testsuite> <!-- com.qalegendbilling.testscript.HomeTest -->
